2023-02-22 11:33:55.207[1677054835207] | INFO  | main       | c.b.c.client.utils.RequestHandler    - GET https://api.binance.com/api/v3/klines?symbol=BNBUSDT&interval=1m
2023-02-22 11:51:23.213[1677055883213] | INFO  | main       | c.b.c.client.utils.RequestHandler    - GET https://api.binance.com/api/v3/klines?symbol=BNBUSDT&interval=1m
2023-02-22 11:51:39.151[1677055899151] | INFO  | main       | c.b.c.client.utils.RequestHandler    - GET https://api.binance.com/api/v3/klines?symbol=BNBUSDT&interval=1m
2023-02-22 11:52:11.163[1677055931163] | INFO  | main       | c.b.c.client.utils.RequestHandler    - GET https://api.binance.com/api/v3/klines?symbol=BNBUSDT&interval=1m
2023-02-22 11:53:11.336[1677055991336] | INFO  | main       | c.b.c.client.utils.RequestHandler    - GET https://api.binance.com/api/v3/klines?symbol=BNBUSDT&interval=1m
2023-02-22 11:59:51.257[1677056391257] | INFO  | main       | c.b.c.client.utils.RequestHandler    - GET https://api.binance.com/api/v3/klines?symbol=BNBUSDT&interval=1m
2023-02-22 12:00:03.988[1677056403988] | INFO  | main       | c.b.c.client.utils.RequestHandler    - GET https://api.binance.com/api/v3/klines?symbol=BNBUSDT&interval=1m
2023-02-22 12:07:04.008[1677056824008] | INFO  | main       | c.b.c.client.utils.RequestHandler    - GET https://api.binance.com/api/v3/klines?symbol=BNBUSDT&interval=1m
2023-02-22 12:07:26.122[1677056846122] | INFO  | main       | c.b.c.client.utils.RequestHandler    - GET https://api.binance.com/api/v3/klines?symbol=BNBUSDT&interval=1m
2023-02-22 12:59:49.056[1677059989056] | INFO  | main       | c.b.c.client.utils.RequestHandler    - GET https://api.binance.com/api/v3/ticker/24hr?symbol=&type=MINI
2023-02-22 13:00:43.522[1677060043522] | INFO  | main       | c.b.c.client.utils.RequestHandler    - GET https://api.binance.com/api/v3/ticker/24hr?type=MINI
2023-02-22 13:03:50.823[1677060230823] | INFO  | main       | c.b.c.client.utils.RequestHandler    - GET https://api.binance.com/api/v3/ticker/24hr?type=MINI
2023-02-22 13:06:01.995[1677060361995] | INFO  | main       | c.b.c.client.utils.RequestHandler    - GET https://api.binance.com/api/v3/ticker/24hr?type=FULL
2023-02-22 13:48:39.315[1677062919315] | INFO  | main       | c.b.c.client.utils.RequestHandler    - GET https://api.binance.com/api/v3/ticker/24hr?type=FULL
2023-02-22 13:50:23.513[1677063023513] | INFO  | main       | c.b.c.client.utils.RequestHandler    - GET https://api.binance.com/api/v3/ticker/24hr?type=FULL
2023-02-22 13:53:43.274[1677063223274] | INFO  | main       | c.b.c.client.utils.RequestHandler    - GET https://api.binance.com/api/v3/ticker/24hr?type=FULL
2023-02-22 13:56:41.947[1677063401947] | INFO  | main       | c.b.c.client.utils.RequestHandler    - GET https://api.binance.com/api/v3/ticker/24hr?type=FULL
2023-02-22 14:48:04.722[1677066484722] | INFO  | main       | c.b.c.client.utils.RequestHandler    - GET https://api.binance.com/api/v3/ticker/24hr?type=FULL
2023-02-22 14:51:59.148[1677066719148] | INFO  | main       | c.b.c.client.utils.RequestHandler    - GET https://api.binance.com/api/v3/ticker/24hr?type=FULL
2023-02-22 14:53:02.222[1677066782222] | INFO  | main       | c.b.c.client.utils.RequestHandler    - GET https://api.binance.com/api/v3/ticker/24hr?type=FULL
2023-02-22 15:53:16.017[1677070396017] | INFO  | main       | c.b.c.client.utils.RequestHandler    - GET https://testnet.binance.vision/api/api/v3/ticker/24hr?type=FULL
2023-02-22 15:54:31.858[1677070471858] | INFO  | main       | c.b.c.client.utils.RequestHandler    - GET https://testnet.binance.vision//api/v3/ticker/24hr?type=FULL
2023-02-22 15:57:27.814[1677070647814] | INFO  | main       | c.b.c.client.utils.RequestHandler    - GET https://testnet.binance.vision//api/v3/ticker/24hr?symbol=BNBUSDT&type=FULL
2023-02-22 15:59:08.965[1677070748965] | INFO  | main       | c.b.c.client.utils.RequestHandler    - GET https://testnet.binance.vision//api/v3/ticker?symbol=BNBUSDT&type=FULL
2023-02-22 16:01:26.444[1677070886444] | INFO  | main       | c.b.c.client.utils.RequestHandler    - GET https://testnet.binance.vision//api/v3/ticker?symbol=BNBUSDT&type=FULL
2023-02-22 16:02:23.503[1677070943503] | INFO  | main       | c.b.c.client.utils.RequestHandler    - GET https://testnet.binance.vision//api/v3/ticker?symbol=BNBUSDT&type=FULL
2023-02-22 16:02:56.434[1677070976434] | INFO  | main       | c.b.c.client.utils.RequestHandler    - GET https://testnet.binance.vision//api/v3/ticker?symbol=BNBUSDT&type=FULL
2023-02-22 16:04:59.163[1677071099163] | INFO  | main       | c.b.c.client.utils.RequestHandler    - GET https://testnet.binance.vision//api/v3/ticker?symbol=BNBUSDT&type=FULL
2023-02-22 16:06:38.016[1677071198016] | INFO  | main       | c.b.c.client.utils.RequestHandler    - GET https://testnet.binance.vision//api/v3/ticker?symbol=BNBUSDT&type=FULL
2023-02-22 16:07:17.662[1677071237662] | INFO  | main       | c.b.c.client.utils.RequestHandler    - GET https://testnet.binance.vision//api/v3/ticker?symbol=BNBUSDT
2023-02-22 16:10:31.525[1677071431525] | INFO  | main       | c.b.c.client.utils.RequestHandler    - GET https://testnet.binance.vision//api/v3/exchangeInfo
2023-02-22 16:15:21.396[1677071721396] | INFO  | main       | c.b.c.client.utils.RequestHandler    - GET https://api.binance.com/api/v3/exchangeInfo
2023-02-22 16:15:23.469[1677071723469] | INFO  | main       | c.b.c.client.utils.RequestHandler    - GET https://api.binance.com/api/v3/ticker?symbol=BNBUSDT
2023-02-22 16:16:24.323[1677071784323] | INFO  | main       | c.b.c.client.utils.RequestHandler    - GET https://api.binance.com/api/v3/ticker/24hr?type=FULL
2023-02-22 16:16:27.952[1677071787952] | INFO  | main       | c.b.c.client.utils.RequestHandler    - GET https://api.binance.com/api/v3/klines?symbol=SYNUSDT&interval=1m&lookback=2
2023-02-22 16:19:23.806[1677071963806] | INFO  | main       | c.b.c.client.utils.RequestHandler    - GET https://api.binance.com/api/v3/ticker/24hr?type=FULL
2023-02-22 16:19:26.923[1677071966923] | INFO  | main       | c.b.c.client.utils.RequestHandler    - GET https://api.binance.com/api/v3/klines?symbol=SYNUSDT&interval=1m&limit=2
2023-02-22 16:19:27.233[1677071967233] | INFO  | main       | c.b.c.client.utils.RequestHandler    - POST https://api.binance.com/api/v3/order?symbol=SYNUSDT&side=BUY&type=MARKET&quantity=6.0&timestamp=1677071967227&signature=1612b65e35b66079fbc2713cee33989e01cfe4a2097142919bf3eb97159726f4
2023-02-22 16:23:59.699[1677072239699] | INFO  | main       | c.b.c.client.utils.RequestHandler    - GET https://testnet.binance.vision/api/api/v3/ticker/24hr?type=FULL
2023-02-22 16:24:19.257[1677072259257] | INFO  | main       | c.b.c.client.utils.RequestHandler    - GET https://testnet.binance.vision/api/v3/api/v3/ticker/24hr?type=FULL
2023-02-22 16:24:31.643[1677072271643] | INFO  | main       | c.b.c.client.utils.RequestHandler    - GET https://testnet.binance.vision/sapi//api/v3/ticker/24hr?type=FULL
2023-02-22 16:28:44.381[1677072524381] | INFO  | main       | c.b.c.client.utils.RequestHandler    - GET https://testnet.binance.vision/api/v3/api/v3/ticker/24hr?type=FULL
2023-02-22 16:31:13.571[1677072673571] | INFO  | main       | c.b.c.client.utils.RequestHandler    - GET https://testnet.binance.vision//api/v3/ticker/24hr?type=FULL
2023-02-22 16:31:47.647[1677072707647] | INFO  | main       | c.b.c.client.utils.RequestHandler    - GET https://testnet.binance.vision/api/v3/ticker/24hr?type=FULL
2023-02-22 16:31:49.093[1677072709093] | INFO  | main       | c.b.c.client.utils.RequestHandler    - GET https://testnet.binance.vision/api/v3/klines?symbol=LTCUSDT&interval=1m&limit=2
2023-02-22 16:31:49.905[1677072709905] | INFO  | main       | c.b.c.client.utils.RequestHandler    - POST https://testnet.binance.vision/api/v3/order?symbol=LTCUSDT&side=BUY&type=MARKET&quantity=0.0&timestamp=1677072709898&signature=a3a70f643b4cd74e6aa91922e11f0ad9e0bb72cd9acd074b85fc38fcce2ca592
2023-02-22 16:32:35.005[1677072755005] | INFO  | main       | c.b.c.client.utils.RequestHandler    - GET https://testnet.binance.vision/api/v3/ticker/24hr?type=FULL
2023-02-22 16:32:36.502[1677072756502] | INFO  | main       | c.b.c.client.utils.RequestHandler    - GET https://testnet.binance.vision/api/v3/klines?symbol=LTCUSDT&interval=1m&limit=2
2023-02-22 16:35:54.237[1677072954237] | INFO  | main       | c.b.c.client.utils.RequestHandler    - GET https://testnet.binance.vision/api/v3/ticker/24hr?type=FULL
2023-02-22 16:35:55.744[1677072955744] | INFO  | main       | c.b.c.client.utils.RequestHandler    - GET https://testnet.binance.vision/api/v3/klines?symbol=LTCUSDT&interval=1m&limit=2
2023-02-22 16:35:56.050[1677072956050] | INFO  | main       | c.b.c.client.utils.RequestHandler    - POST https://testnet.binance.vision/api/v3/order?symbol=LTCUSDT&side=BUY&type=MARKET&quantity=0.10647359454855196&timestamp=1677072956047&signature=3c538797807bcdf14da9197bda0c0be140e4585153dfbe8a5bb60fc7cd11ac42
2023-02-22 16:38:39.744[1677073119744] | INFO  | main       | c.b.c.client.utils.RequestHandler    - GET https://testnet.binance.vision/api/v3/ticker/24hr?type=FULL
2023-02-22 16:38:41.208[1677073121208] | INFO  | main       | c.b.c.client.utils.RequestHandler    - GET https://testnet.binance.vision/api/v3/klines?symbol=LTCUSDT&interval=1m&limit=2
2023-02-22 16:38:41.527[1677073121527] | INFO  | main       | c.b.c.client.utils.RequestHandler    - POST https://testnet.binance.vision/api/v3/order?symbol=LTCUSDT&side=BUY&type=MARKET&quantity=0%2C106&timestamp=1677073121522&signature=de216cb4d2772620af5a9e0f7e85c68f4fb438c4000a49e759c06fa5a349d536
2023-02-22 16:40:16.087[1677073216087] | INFO  | main       | c.b.c.client.utils.RequestHandler    - GET https://testnet.binance.vision/api/v3/ticker/24hr?type=FULL
2023-02-22 16:40:17.594[1677073217594] | INFO  | main       | c.b.c.client.utils.RequestHandler    - GET https://testnet.binance.vision/api/v3/klines?symbol=LTCUSDT&interval=1m&limit=2
2023-02-22 16:40:17.914[1677073217914] | INFO  | main       | c.b.c.client.utils.RequestHandler    - POST https://testnet.binance.vision/api/v3/order?symbol=LTCUSDT&side=BUY&type=MARKET&quantity=0%2C106&timestamp=1677073217907&signature=ac00e3c17a916900c8c25af8d7728876cd4fa3d38523f3365a7e16f52ea625df
2023-02-22 16:42:04.519[1677073324519] | INFO  | main       | c.b.c.client.utils.RequestHandler    - GET https://testnet.binance.vision/api/v3/ticker/24hr?type=FULL
2023-02-22 16:42:06.739[1677073326739] | INFO  | main       | c.b.c.client.utils.RequestHandler    - GET https://testnet.binance.vision/api/v3/klines?symbol=LTCUSDT&interval=1m&limit=2
2023-02-22 16:42:07.537[1677073327537] | INFO  | main       | c.b.c.client.utils.RequestHandler    - POST https://testnet.binance.vision/api/v3/order?symbol=LTCUSDT&side=BUY&type=MARKET&quantity=0.106&timestamp=1677073327530&signature=b830715e05b799f7f407a2180556f7940d1c3d0981b30bc5e86fa856f14ef175
2023-02-22 16:42:26.812[1677073346812] | INFO  | main       | c.b.c.client.utils.RequestHandler    - GET https://testnet.binance.vision/api/v3/ticker/24hr?type=FULL
2023-02-22 16:42:28.767[1677073348767] | INFO  | main       | c.b.c.client.utils.RequestHandler    - GET https://testnet.binance.vision/api/v3/klines?symbol=LTCUSDT&interval=1m&limit=2
2023-02-22 16:42:29.113[1677073349113] | INFO  | main       | c.b.c.client.utils.RequestHandler    - POST https://testnet.binance.vision/api/v3/order?symbol=LTCUSDT&side=BUY&type=MARKET&quantity=0.212&timestamp=1677073349106&signature=95b7e712b103f23db4aa32f799641fb1d92522b381f07a85bb1b2db94230ad97
2023-02-22 16:42:29.441[1677073349441] | INFO  | main       | c.b.c.client.utils.RequestHandler    - GET https://testnet.binance.vision/api/v3/klines?symbol=LTCUSDT&interval=1m&limit=2
2023-02-22 16:42:30.739[1677073350739] | INFO  | main       | c.b.c.client.utils.RequestHandler    - GET https://testnet.binance.vision/api/v3/klines?symbol=LTCUSDT&interval=1m&limit=2
2023-02-22 16:42:32.061[1677073352061] | INFO  | main       | c.b.c.client.utils.RequestHandler    - GET https://testnet.binance.vision/api/v3/klines?symbol=LTCUSDT&interval=1m&limit=2
2023-02-22 16:42:33.875[1677073353875] | INFO  | main       | c.b.c.client.utils.RequestHandler    - GET https://testnet.binance.vision/api/v3/klines?symbol=LTCUSDT&interval=1m&limit=2
2023-02-22 16:42:35.161[1677073355161] | INFO  | main       | c.b.c.client.utils.RequestHandler    - GET https://testnet.binance.vision/api/v3/klines?symbol=LTCUSDT&interval=1m&limit=2
2023-02-22 16:42:36.970[1677073356970] | INFO  | main       | c.b.c.client.utils.RequestHandler    - GET https://testnet.binance.vision/api/v3/klines?symbol=LTCUSDT&interval=1m&limit=2
2023-02-22 16:42:38.266[1677073358266] | INFO  | main       | c.b.c.client.utils.RequestHandler    - GET https://testnet.binance.vision/api/v3/klines?symbol=LTCUSDT&interval=1m&limit=2
2023-02-22 16:42:39.555[1677073359555] | INFO  | main       | c.b.c.client.utils.RequestHandler    - GET https://testnet.binance.vision/api/v3/klines?symbol=LTCUSDT&interval=1m&limit=2
2023-02-22 16:42:41.337[1677073361337] | INFO  | main       | c.b.c.client.utils.RequestHandler    - GET https://testnet.binance.vision/api/v3/klines?symbol=LTCUSDT&interval=1m&limit=2
2023-02-22 16:42:42.649[1677073362649] | INFO  | main       | c.b.c.client.utils.RequestHandler    - GET https://testnet.binance.vision/api/v3/klines?symbol=LTCUSDT&interval=1m&limit=2
2023-02-22 16:42:43.952[1677073363952] | INFO  | main       | c.b.c.client.utils.RequestHandler    - GET https://testnet.binance.vision/api/v3/klines?symbol=LTCUSDT&interval=1m&limit=2
2023-02-22 16:42:45.727[1677073365727] | INFO  | main       | c.b.c.client.utils.RequestHandler    - GET https://testnet.binance.vision/api/v3/klines?symbol=LTCUSDT&interval=1m&limit=2
2023-02-22 16:42:47.032[1677073367032] | INFO  | main       | c.b.c.client.utils.RequestHandler    - GET https://testnet.binance.vision/api/v3/klines?symbol=LTCUSDT&interval=1m&limit=2
2023-02-22 16:42:48.832[1677073368832] | INFO  | main       | c.b.c.client.utils.RequestHandler    - GET https://testnet.binance.vision/api/v3/klines?symbol=LTCUSDT&interval=1m&limit=2
2023-02-22 16:42:50.610[1677073370610] | INFO  | main       | c.b.c.client.utils.RequestHandler    - GET https://testnet.binance.vision/api/v3/klines?symbol=LTCUSDT&interval=1m&limit=2
2023-02-22 16:42:51.908[1677073371908] | INFO  | main       | c.b.c.client.utils.RequestHandler    - GET https://testnet.binance.vision/api/v3/klines?symbol=LTCUSDT&interval=1m&limit=2
2023-02-22 16:42:53.209[1677073373209] | INFO  | main       | c.b.c.client.utils.RequestHandler    - GET https://testnet.binance.vision/api/v3/klines?symbol=LTCUSDT&interval=1m&limit=2
2023-02-22 16:42:54.497[1677073374497] | INFO  | main       | c.b.c.client.utils.RequestHandler    - GET https://testnet.binance.vision/api/v3/klines?symbol=LTCUSDT&interval=1m&limit=2
2023-02-22 16:42:56.296[1677073376296] | INFO  | main       | c.b.c.client.utils.RequestHandler    - GET https://testnet.binance.vision/api/v3/klines?symbol=LTCUSDT&interval=1m&limit=2
2023-02-22 16:42:58.094[1677073378094] | INFO  | main       | c.b.c.client.utils.RequestHandler    - GET https://testnet.binance.vision/api/v3/klines?symbol=LTCUSDT&interval=1m&limit=2
2023-02-22 16:42:59.922[1677073379922] | INFO  | main       | c.b.c.client.utils.RequestHandler    - GET https://testnet.binance.vision/api/v3/klines?symbol=LTCUSDT&interval=1m&limit=2
2023-02-22 16:43:01.688[1677073381688] | INFO  | main       | c.b.c.client.utils.RequestHandler    - GET https://testnet.binance.vision/api/v3/klines?symbol=LTCUSDT&interval=1m&limit=2
2023-02-22 16:43:03.708[1677073383708] | INFO  | main       | c.b.c.client.utils.RequestHandler    - GET https://testnet.binance.vision/api/v3/klines?symbol=LTCUSDT&interval=1m&limit=2
2023-02-22 16:43:05.008[1677073385008] | INFO  | main       | c.b.c.client.utils.RequestHandler    - GET https://testnet.binance.vision/api/v3/klines?symbol=LTCUSDT&interval=1m&limit=2
2023-02-22 16:43:06.303[1677073386303] | INFO  | main       | c.b.c.client.utils.RequestHandler    - GET https://testnet.binance.vision/api/v3/klines?symbol=LTCUSDT&interval=1m&limit=2
2023-02-22 16:43:08.093[1677073388093] | INFO  | main       | c.b.c.client.utils.RequestHandler    - GET https://testnet.binance.vision/api/v3/klines?symbol=LTCUSDT&interval=1m&limit=2
2023-02-22 16:43:09.868[1677073389868] | INFO  | main       | c.b.c.client.utils.RequestHandler    - GET https://testnet.binance.vision/api/v3/klines?symbol=LTCUSDT&interval=1m&limit=2
2023-02-22 16:43:11.642[1677073391642] | INFO  | main       | c.b.c.client.utils.RequestHandler    - GET https://testnet.binance.vision/api/v3/klines?symbol=LTCUSDT&interval=1m&limit=2
2023-02-22 16:43:12.937[1677073392937] | INFO  | main       | c.b.c.client.utils.RequestHandler    - GET https://testnet.binance.vision/api/v3/klines?symbol=LTCUSDT&interval=1m&limit=2
2023-02-22 16:43:14.233[1677073394233] | INFO  | main       | c.b.c.client.utils.RequestHandler    - GET https://testnet.binance.vision/api/v3/klines?symbol=LTCUSDT&interval=1m&limit=2
2023-02-22 16:43:16.023[1677073396023] | INFO  | main       | c.b.c.client.utils.RequestHandler    - GET https://testnet.binance.vision/api/v3/klines?symbol=LTCUSDT&interval=1m&limit=2
2023-02-22 16:43:17.801[1677073397801] | INFO  | main       | c.b.c.client.utils.RequestHandler    - GET https://testnet.binance.vision/api/v3/klines?symbol=LTCUSDT&interval=1m&limit=2
2023-02-22 16:43:19.589[1677073399589] | INFO  | main       | c.b.c.client.utils.RequestHandler    - GET https://testnet.binance.vision/api/v3/klines?symbol=LTCUSDT&interval=1m&limit=2
2023-02-22 16:43:20.891[1677073400891] | INFO  | main       | c.b.c.client.utils.RequestHandler    - GET https://testnet.binance.vision/api/v3/klines?symbol=LTCUSDT&interval=1m&limit=2
2023-02-22 16:43:22.183[1677073402183] | INFO  | main       | c.b.c.client.utils.RequestHandler    - GET https://testnet.binance.vision/api/v3/klines?symbol=LTCUSDT&interval=1m&limit=2
2023-02-22 16:43:23.964[1677073403964] | INFO  | main       | c.b.c.client.utils.RequestHandler    - GET https://testnet.binance.vision/api/v3/klines?symbol=LTCUSDT&interval=1m&limit=2
2023-02-22 16:43:25.752[1677073405752] | INFO  | main       | c.b.c.client.utils.RequestHandler    - GET https://testnet.binance.vision/api/v3/klines?symbol=LTCUSDT&interval=1m&limit=2
2023-02-22 16:43:27.534[1677073407534] | INFO  | main       | c.b.c.client.utils.RequestHandler    - GET https://testnet.binance.vision/api/v3/klines?symbol=LTCUSDT&interval=1m&limit=2
2023-02-22 16:43:29.340[1677073409340] | INFO  | main       | c.b.c.client.utils.RequestHandler    - GET https://testnet.binance.vision/api/v3/klines?symbol=LTCUSDT&interval=1m&limit=2
2023-02-22 16:43:31.115[1677073411115] | INFO  | main       | c.b.c.client.utils.RequestHandler    - GET https://testnet.binance.vision/api/v3/klines?symbol=LTCUSDT&interval=1m&limit=2
2023-02-22 16:43:32.419[1677073412419] | INFO  | main       | c.b.c.client.utils.RequestHandler    - GET https://testnet.binance.vision/api/v3/klines?symbol=LTCUSDT&interval=1m&limit=2
2023-02-22 16:43:34.197[1677073414197] | INFO  | main       | c.b.c.client.utils.RequestHandler    - GET https://testnet.binance.vision/api/v3/klines?symbol=LTCUSDT&interval=1m&limit=2
2023-02-22 16:43:35.969[1677073415969] | INFO  | main       | c.b.c.client.utils.RequestHandler    - GET https://testnet.binance.vision/api/v3/klines?symbol=LTCUSDT&interval=1m&limit=2
2023-02-22 16:43:37.261[1677073417261] | INFO  | main       | c.b.c.client.utils.RequestHandler    - GET https://testnet.binance.vision/api/v3/klines?symbol=LTCUSDT&interval=1m&limit=2
2023-02-22 16:43:39.060[1677073419060] | INFO  | main       | c.b.c.client.utils.RequestHandler    - GET https://testnet.binance.vision/api/v3/klines?symbol=LTCUSDT&interval=1m&limit=2
2023-02-22 16:43:40.872[1677073420872] | INFO  | main       | c.b.c.client.utils.RequestHandler    - GET https://testnet.binance.vision/api/v3/klines?symbol=LTCUSDT&interval=1m&limit=2
2023-02-22 16:43:42.676[1677073422676] | INFO  | main       | c.b.c.client.utils.RequestHandler    - GET https://testnet.binance.vision/api/v3/klines?symbol=LTCUSDT&interval=1m&limit=2
2023-02-22 16:43:43.961[1677073423961] | INFO  | main       | c.b.c.client.utils.RequestHandler    - GET https://testnet.binance.vision/api/v3/klines?symbol=LTCUSDT&interval=1m&limit=2
2023-02-22 16:43:45.741[1677073425741] | INFO  | main       | c.b.c.client.utils.RequestHandler    - GET https://testnet.binance.vision/api/v3/klines?symbol=LTCUSDT&interval=1m&limit=2
2023-02-22 16:43:47.034[1677073427034] | INFO  | main       | c.b.c.client.utils.RequestHandler    - GET https://testnet.binance.vision/api/v3/klines?symbol=LTCUSDT&interval=1m&limit=2
2023-02-22 16:43:48.330[1677073428330] | INFO  | main       | c.b.c.client.utils.RequestHandler    - GET https://testnet.binance.vision/api/v3/klines?symbol=LTCUSDT&interval=1m&limit=2
2023-02-22 16:43:50.101[1677073430101] | INFO  | main       | c.b.c.client.utils.RequestHandler    - GET https://testnet.binance.vision/api/v3/klines?symbol=LTCUSDT&interval=1m&limit=2
2023-02-22 16:43:51.384[1677073431384] | INFO  | main       | c.b.c.client.utils.RequestHandler    - GET https://testnet.binance.vision/api/v3/klines?symbol=LTCUSDT&interval=1m&limit=2
2023-02-22 16:43:53.167[1677073433167] | INFO  | main       | c.b.c.client.utils.RequestHandler    - GET https://testnet.binance.vision/api/v3/klines?symbol=LTCUSDT&interval=1m&limit=2
2023-02-22 16:43:54.971[1677073434971] | INFO  | main       | c.b.c.client.utils.RequestHandler    - GET https://testnet.binance.vision/api/v3/klines?symbol=LTCUSDT&interval=1m&limit=2
2023-02-22 16:43:56.254[1677073436254] | INFO  | main       | c.b.c.client.utils.RequestHandler    - GET https://testnet.binance.vision/api/v3/klines?symbol=LTCUSDT&interval=1m&limit=2
2023-02-22 16:43:57.552[1677073437552] | INFO  | main       | c.b.c.client.utils.RequestHandler    - GET https://testnet.binance.vision/api/v3/klines?symbol=LTCUSDT&interval=1m&limit=2
2023-02-22 16:43:59.332[1677073439332] | INFO  | main       | c.b.c.client.utils.RequestHandler    - GET https://testnet.binance.vision/api/v3/klines?symbol=LTCUSDT&interval=1m&limit=2
2023-02-22 16:44:00.633[1677073440633] | INFO  | main       | c.b.c.client.utils.RequestHandler    - GET https://testnet.binance.vision/api/v3/klines?symbol=LTCUSDT&interval=1m&limit=2
2023-02-22 16:44:01.945[1677073441945] | INFO  | main       | c.b.c.client.utils.RequestHandler    - GET https://testnet.binance.vision/api/v3/klines?symbol=LTCUSDT&interval=1m&limit=2
2023-02-22 16:44:03.717[1677073443717] | INFO  | main       | c.b.c.client.utils.RequestHandler    - GET https://testnet.binance.vision/api/v3/klines?symbol=LTCUSDT&interval=1m&limit=2
2023-02-22 16:44:05.006[1677073445006] | INFO  | main       | c.b.c.client.utils.RequestHandler    - GET https://testnet.binance.vision/api/v3/klines?symbol=LTCUSDT&interval=1m&limit=2
2023-02-22 16:44:06.326[1677073446326] | INFO  | main       | c.b.c.client.utils.RequestHandler    - GET https://testnet.binance.vision/api/v3/klines?symbol=LTCUSDT&interval=1m&limit=2
2023-02-22 16:44:08.091[1677073448091] | INFO  | main       | c.b.c.client.utils.RequestHandler    - GET https://testnet.binance.vision/api/v3/klines?symbol=LTCUSDT&interval=1m&limit=2
2023-02-22 16:44:09.723[1677073449723] | INFO  | main       | c.b.c.client.utils.RequestHandler    - GET https://testnet.binance.vision/api/v3/klines?symbol=LTCUSDT&interval=1m&limit=2
2023-02-22 16:44:11.007[1677073451007] | INFO  | main       | c.b.c.client.utils.RequestHandler    - GET https://testnet.binance.vision/api/v3/klines?symbol=LTCUSDT&interval=1m&limit=2
2023-02-22 16:44:12.790[1677073452790] | INFO  | main       | c.b.c.client.utils.RequestHandler    - GET https://testnet.binance.vision/api/v3/klines?symbol=LTCUSDT&interval=1m&limit=2
2023-02-22 16:44:14.569[1677073454569] | INFO  | main       | c.b.c.client.utils.RequestHandler    - GET https://testnet.binance.vision/api/v3/klines?symbol=LTCUSDT&interval=1m&limit=2
2023-02-22 16:44:15.868[1677073455868] | INFO  | main       | c.b.c.client.utils.RequestHandler    - GET https://testnet.binance.vision/api/v3/klines?symbol=LTCUSDT&interval=1m&limit=2
2023-02-22 16:44:17.160[1677073457160] | INFO  | main       | c.b.c.client.utils.RequestHandler    - GET https://testnet.binance.vision/api/v3/klines?symbol=LTCUSDT&interval=1m&limit=2
2023-02-22 16:44:18.936[1677073458936] | INFO  | main       | c.b.c.client.utils.RequestHandler    - GET https://testnet.binance.vision/api/v3/klines?symbol=LTCUSDT&interval=1m&limit=2
2023-02-22 16:44:20.698[1677073460698] | INFO  | main       | c.b.c.client.utils.RequestHandler    - GET https://testnet.binance.vision/api/v3/klines?symbol=LTCUSDT&interval=1m&limit=2
2023-02-22 16:44:21.999[1677073461999] | INFO  | main       | c.b.c.client.utils.RequestHandler    - GET https://testnet.binance.vision/api/v3/klines?symbol=LTCUSDT&interval=1m&limit=2
2023-02-22 16:44:23.290[1677073463290] | INFO  | main       | c.b.c.client.utils.RequestHandler    - GET https://testnet.binance.vision/api/v3/klines?symbol=LTCUSDT&interval=1m&limit=2
2023-02-22 16:44:25.093[1677073465093] | INFO  | main       | c.b.c.client.utils.RequestHandler    - GET https://testnet.binance.vision/api/v3/klines?symbol=LTCUSDT&interval=1m&limit=2
2023-02-22 16:44:26.943[1677073466943] | INFO  | main       | c.b.c.client.utils.RequestHandler    - GET https://testnet.binance.vision/api/v3/klines?symbol=LTCUSDT&interval=1m&limit=2
2023-02-22 16:44:28.708[1677073468708] | INFO  | main       | c.b.c.client.utils.RequestHandler    - GET https://testnet.binance.vision/api/v3/klines?symbol=LTCUSDT&interval=1m&limit=2
2023-02-22 16:44:30.508[1677073470508] | INFO  | main       | c.b.c.client.utils.RequestHandler    - GET https://testnet.binance.vision/api/v3/klines?symbol=LTCUSDT&interval=1m&limit=2
2023-02-22 16:44:31.817[1677073471817] | INFO  | main       | c.b.c.client.utils.RequestHandler    - GET https://testnet.binance.vision/api/v3/klines?symbol=LTCUSDT&interval=1m&limit=2
2023-02-22 16:44:33.116[1677073473116] | INFO  | main       | c.b.c.client.utils.RequestHandler    - GET https://testnet.binance.vision/api/v3/klines?symbol=LTCUSDT&interval=1m&limit=2
2023-02-22 16:44:34.397[1677073474397] | INFO  | main       | c.b.c.client.utils.RequestHandler    - GET https://testnet.binance.vision/api/v3/klines?symbol=LTCUSDT&interval=1m&limit=2
2023-02-22 16:44:36.183[1677073476183] | INFO  | main       | c.b.c.client.utils.RequestHandler    - GET https://testnet.binance.vision/api/v3/klines?symbol=LTCUSDT&interval=1m&limit=2
2023-02-22 16:44:37.498[1677073477498] | INFO  | main       | c.b.c.client.utils.RequestHandler    - GET https://testnet.binance.vision/api/v3/klines?symbol=LTCUSDT&interval=1m&limit=2
2023-02-22 16:44:39.291[1677073479291] | INFO  | main       | c.b.c.client.utils.RequestHandler    - GET https://testnet.binance.vision/api/v3/klines?symbol=LTCUSDT&interval=1m&limit=2
2023-02-22 16:44:41.055[1677073481055] | INFO  | main       | c.b.c.client.utils.RequestHandler    - GET https://testnet.binance.vision/api/v3/klines?symbol=LTCUSDT&interval=1m&limit=2
2023-02-22 16:44:42.349[1677073482349] | INFO  | main       | c.b.c.client.utils.RequestHandler    - GET https://testnet.binance.vision/api/v3/klines?symbol=LTCUSDT&interval=1m&limit=2
2023-02-22 16:44:44.129[1677073484129] | INFO  | main       | c.b.c.client.utils.RequestHandler    - GET https://testnet.binance.vision/api/v3/klines?symbol=LTCUSDT&interval=1m&limit=2
2023-02-22 16:44:45.892[1677073485892] | INFO  | main       | c.b.c.client.utils.RequestHandler    - GET https://testnet.binance.vision/api/v3/klines?symbol=LTCUSDT&interval=1m&limit=2
2023-02-22 16:44:47.678[1677073487678] | INFO  | main       | c.b.c.client.utils.RequestHandler    - GET https://testnet.binance.vision/api/v3/klines?symbol=LTCUSDT&interval=1m&limit=2
2023-02-22 16:44:49.457[1677073489457] | INFO  | main       | c.b.c.client.utils.RequestHandler    - GET https://testnet.binance.vision/api/v3/klines?symbol=LTCUSDT&interval=1m&limit=2
2023-02-22 16:44:50.781[1677073490781] | INFO  | main       | c.b.c.client.utils.RequestHandler    - GET https://testnet.binance.vision/api/v3/klines?symbol=LTCUSDT&interval=1m&limit=2
2023-02-22 16:44:52.092[1677073492092] | INFO  | main       | c.b.c.client.utils.RequestHandler    - GET https://testnet.binance.vision/api/v3/klines?symbol=LTCUSDT&interval=1m&limit=2
2023-02-22 16:44:53.883[1677073493883] | INFO  | main       | c.b.c.client.utils.RequestHandler    - GET https://testnet.binance.vision/api/v3/klines?symbol=LTCUSDT&interval=1m&limit=2
2023-02-22 16:44:55.647[1677073495647] | INFO  | main       | c.b.c.client.utils.RequestHandler    - GET https://testnet.binance.vision/api/v3/klines?symbol=LTCUSDT&interval=1m&limit=2
2023-02-22 16:44:57.437[1677073497437] | INFO  | main       | c.b.c.client.utils.RequestHandler    - GET https://testnet.binance.vision/api/v3/klines?symbol=LTCUSDT&interval=1m&limit=2
2023-02-22 16:44:58.723[1677073498723] | INFO  | main       | c.b.c.client.utils.RequestHandler    - GET https://testnet.binance.vision/api/v3/klines?symbol=LTCUSDT&interval=1m&limit=2
2023-02-22 16:45:00.008[1677073500008] | INFO  | main       | c.b.c.client.utils.RequestHandler    - GET https://testnet.binance.vision/api/v3/klines?symbol=LTCUSDT&interval=1m&limit=2
2023-02-22 16:45:01.289[1677073501289] | INFO  | main       | c.b.c.client.utils.RequestHandler    - GET https://testnet.binance.vision/api/v3/klines?symbol=LTCUSDT&interval=1m&limit=2
2023-02-22 16:45:11.831[1677073511831] | INFO  | main       | c.b.c.client.utils.RequestHandler    - GET https://testnet.binance.vision/api/v3/ticker/24hr?type=FULL
2023-02-22 16:45:14.108[1677073514108] | INFO  | main       | c.b.c.client.utils.RequestHandler    - GET https://testnet.binance.vision/api/v3/klines?symbol=LTCUSDT&interval=1m&limit=2
2023-02-22 16:45:14.393[1677073514393] | INFO  | main       | c.b.c.client.utils.RequestHandler    - POST https://testnet.binance.vision/api/v3/order?symbol=LTCUSDT&side=BUY&type=MARKET&quantity=0.212&timestamp=1677073514391&signature=b3fbfe01765193020958a4bd23135abc16aa46f7de20e442eeb8c9c8abcacc5c
2023-02-22 16:45:14.710[1677073514710] | INFO  | main       | c.b.c.client.utils.RequestHandler    - GET https://testnet.binance.vision/api/v3/klines?symbol=LTCUSDT&interval=1m&limit=2
2023-02-22 16:45:20.041[1677073520041] | INFO  | main       | c.b.c.client.utils.RequestHandler    - GET https://testnet.binance.vision/api/v3/klines?symbol=LTCUSDT&interval=1m&limit=2
2023-02-22 16:45:25.329[1677073525329] | INFO  | main       | c.b.c.client.utils.RequestHandler    - GET https://testnet.binance.vision/api/v3/klines?symbol=LTCUSDT&interval=1m&limit=2
2023-02-22 16:45:30.641[1677073530641] | INFO  | main       | c.b.c.client.utils.RequestHandler    - GET https://testnet.binance.vision/api/v3/klines?symbol=LTCUSDT&interval=1m&limit=2
2023-02-22 16:45:36.426[1677073536426] | INFO  | main       | c.b.c.client.utils.RequestHandler    - GET https://testnet.binance.vision/api/v3/klines?symbol=LTCUSDT&interval=1m&limit=2
2023-02-22 16:45:42.197[1677073542197] | INFO  | main       | c.b.c.client.utils.RequestHandler    - GET https://testnet.binance.vision/api/v3/klines?symbol=LTCUSDT&interval=1m&limit=2
2023-02-22 16:45:47.487[1677073547487] | INFO  | main       | c.b.c.client.utils.RequestHandler    - GET https://testnet.binance.vision/api/v3/klines?symbol=LTCUSDT&interval=1m&limit=2
2023-02-22 16:45:53.259[1677073553259] | INFO  | main       | c.b.c.client.utils.RequestHandler    - GET https://testnet.binance.vision/api/v3/klines?symbol=LTCUSDT&interval=1m&limit=2
2023-02-22 16:45:58.541[1677073558541] | INFO  | main       | c.b.c.client.utils.RequestHandler    - GET https://testnet.binance.vision/api/v3/klines?symbol=LTCUSDT&interval=1m&limit=2
2023-02-22 16:46:04.345[1677073564345] | INFO  | main       | c.b.c.client.utils.RequestHandler    - GET https://testnet.binance.vision/api/v3/klines?symbol=LTCUSDT&interval=1m&limit=2
2023-02-22 16:46:09.650[1677073569650] | INFO  | main       | c.b.c.client.utils.RequestHandler    - GET https://testnet.binance.vision/api/v3/klines?symbol=LTCUSDT&interval=1m&limit=2
2023-02-22 16:46:15.435[1677073575435] | INFO  | main       | c.b.c.client.utils.RequestHandler    - GET https://testnet.binance.vision/api/v3/klines?symbol=LTCUSDT&interval=1m&limit=2
2023-02-22 16:46:21.213[1677073581213] | INFO  | main       | c.b.c.client.utils.RequestHandler    - GET https://testnet.binance.vision/api/v3/klines?symbol=LTCUSDT&interval=1m&limit=2
2023-02-22 16:46:26.984[1677073586984] | INFO  | main       | c.b.c.client.utils.RequestHandler    - GET https://testnet.binance.vision/api/v3/klines?symbol=LTCUSDT&interval=1m&limit=2
2023-02-22 16:46:32.294[1677073592294] | INFO  | main       | c.b.c.client.utils.RequestHandler    - GET https://testnet.binance.vision/api/v3/klines?symbol=LTCUSDT&interval=1m&limit=2
2023-02-22 16:46:39.041[1677073599041] | INFO  | main       | c.b.c.client.utils.RequestHandler    - GET https://testnet.binance.vision/api/v3/klines?symbol=LTCUSDT&interval=1m&limit=2
2023-02-22 16:46:44.518[1677073604518] | INFO  | main       | c.b.c.client.utils.RequestHandler    - GET https://testnet.binance.vision/api/v3/klines?symbol=LTCUSDT&interval=1m&limit=2
2023-02-22 16:46:50.047[1677073610047] | INFO  | main       | c.b.c.client.utils.RequestHandler    - GET https://testnet.binance.vision/api/v3/klines?symbol=LTCUSDT&interval=1m&limit=2
2023-02-22 16:46:55.372[1677073615372] | INFO  | main       | c.b.c.client.utils.RequestHandler    - GET https://testnet.binance.vision/api/v3/klines?symbol=LTCUSDT&interval=1m&limit=2
2023-02-22 16:47:01.165[1677073621165] | INFO  | main       | c.b.c.client.utils.RequestHandler    - GET https://testnet.binance.vision/api/v3/klines?symbol=LTCUSDT&interval=1m&limit=2
2023-02-22 16:47:06.947[1677073626947] | INFO  | main       | c.b.c.client.utils.RequestHandler    - GET https://testnet.binance.vision/api/v3/klines?symbol=LTCUSDT&interval=1m&limit=2
2023-02-22 16:47:12.270[1677073632270] | INFO  | main       | c.b.c.client.utils.RequestHandler    - GET https://testnet.binance.vision/api/v3/klines?symbol=LTCUSDT&interval=1m&limit=2
2023-02-22 16:47:17.556[1677073637556] | INFO  | main       | c.b.c.client.utils.RequestHandler    - GET https://testnet.binance.vision/api/v3/klines?symbol=LTCUSDT&interval=1m&limit=2
2023-02-22 16:47:23.360[1677073643360] | INFO  | main       | c.b.c.client.utils.RequestHandler    - GET https://testnet.binance.vision/api/v3/klines?symbol=LTCUSDT&interval=1m&limit=2
2023-02-22 16:47:29.143[1677073649143] | INFO  | main       | c.b.c.client.utils.RequestHandler    - GET https://testnet.binance.vision/api/v3/klines?symbol=LTCUSDT&interval=1m&limit=2
2023-02-22 16:47:34.967[1677073654967] | INFO  | main       | c.b.c.client.utils.RequestHandler    - GET https://testnet.binance.vision/api/v3/klines?symbol=LTCUSDT&interval=1m&limit=2
2023-02-22 16:47:40.756[1677073660756] | INFO  | main       | c.b.c.client.utils.RequestHandler    - GET https://testnet.binance.vision/api/v3/klines?symbol=LTCUSDT&interval=1m&limit=2
2023-02-22 16:47:46.540[1677073666540] | INFO  | main       | c.b.c.client.utils.RequestHandler    - GET https://testnet.binance.vision/api/v3/klines?symbol=LTCUSDT&interval=1m&limit=2
2023-02-22 16:47:52.334[1677073672334] | INFO  | main       | c.b.c.client.utils.RequestHandler    - GET https://testnet.binance.vision/api/v3/klines?symbol=LTCUSDT&interval=1m&limit=2
2023-02-22 16:47:58.116[1677073678116] | INFO  | main       | c.b.c.client.utils.RequestHandler    - GET https://testnet.binance.vision/api/v3/klines?symbol=LTCUSDT&interval=1m&limit=2
2023-02-22 16:48:03.900[1677073683900] | INFO  | main       | c.b.c.client.utils.RequestHandler    - GET https://testnet.binance.vision/api/v3/klines?symbol=LTCUSDT&interval=1m&limit=2
2023-02-22 16:48:09.716[1677073689716] | INFO  | main       | c.b.c.client.utils.RequestHandler    - GET https://testnet.binance.vision/api/v3/klines?symbol=LTCUSDT&interval=1m&limit=2
2023-02-22 16:48:15.019[1677073695019] | INFO  | main       | c.b.c.client.utils.RequestHandler    - GET https://testnet.binance.vision/api/v3/klines?symbol=LTCUSDT&interval=1m&limit=2
2023-02-22 16:48:20.328[1677073700328] | INFO  | main       | c.b.c.client.utils.RequestHandler    - GET https://testnet.binance.vision/api/v3/klines?symbol=LTCUSDT&interval=1m&limit=2
2023-02-22 16:48:26.406[1677073706406] | INFO  | main       | c.b.c.client.utils.RequestHandler    - GET https://testnet.binance.vision/api/v3/klines?symbol=LTCUSDT&interval=1m&limit=2
2023-02-22 16:48:32.184[1677073712184] | INFO  | main       | c.b.c.client.utils.RequestHandler    - GET https://testnet.binance.vision/api/v3/klines?symbol=LTCUSDT&interval=1m&limit=2
2023-02-22 16:48:37.964[1677073717964] | INFO  | main       | c.b.c.client.utils.RequestHandler    - GET https://testnet.binance.vision/api/v3/klines?symbol=LTCUSDT&interval=1m&limit=2
2023-02-22 16:48:43.774[1677073723774] | INFO  | main       | c.b.c.client.utils.RequestHandler    - GET https://testnet.binance.vision/api/v3/klines?symbol=LTCUSDT&interval=1m&limit=2
2023-02-22 16:48:49.571[1677073729571] | INFO  | main       | c.b.c.client.utils.RequestHandler    - GET https://testnet.binance.vision/api/v3/klines?symbol=LTCUSDT&interval=1m&limit=2
2023-02-22 16:48:55.356[1677073735356] | INFO  | main       | c.b.c.client.utils.RequestHandler    - GET https://testnet.binance.vision/api/v3/klines?symbol=LTCUSDT&interval=1m&limit=2
2023-02-22 16:49:00.684[1677073740684] | INFO  | main       | c.b.c.client.utils.RequestHandler    - GET https://testnet.binance.vision/api/v3/klines?symbol=LTCUSDT&interval=1m&limit=2
2023-02-22 16:49:06.452[1677073746452] | INFO  | main       | c.b.c.client.utils.RequestHandler    - GET https://testnet.binance.vision/api/v3/klines?symbol=LTCUSDT&interval=1m&limit=2
2023-02-22 16:49:11.745[1677073751745] | INFO  | main       | c.b.c.client.utils.RequestHandler    - GET https://testnet.binance.vision/api/v3/klines?symbol=LTCUSDT&interval=1m&limit=2
2023-02-22 16:49:17.051[1677073757051] | INFO  | main       | c.b.c.client.utils.RequestHandler    - GET https://testnet.binance.vision/api/v3/klines?symbol=LTCUSDT&interval=1m&limit=2
2023-02-22 16:49:22.350[1677073762350] | INFO  | main       | c.b.c.client.utils.RequestHandler    - GET https://testnet.binance.vision/api/v3/klines?symbol=LTCUSDT&interval=1m&limit=2
2023-02-22 16:49:28.120[1677073768120] | INFO  | main       | c.b.c.client.utils.RequestHandler    - GET https://testnet.binance.vision/api/v3/klines?symbol=LTCUSDT&interval=1m&limit=2
2023-02-22 16:49:33.920[1677073773920] | INFO  | main       | c.b.c.client.utils.RequestHandler    - GET https://testnet.binance.vision/api/v3/klines?symbol=LTCUSDT&interval=1m&limit=2
2023-02-22 16:49:39.727[1677073779727] | INFO  | main       | c.b.c.client.utils.RequestHandler    - GET https://testnet.binance.vision/api/v3/klines?symbol=LTCUSDT&interval=1m&limit=2
2023-02-22 16:49:45.520[1677073785520] | INFO  | main       | c.b.c.client.utils.RequestHandler    - GET https://testnet.binance.vision/api/v3/klines?symbol=LTCUSDT&interval=1m&limit=2
2023-02-22 16:49:51.278[1677073791278] | INFO  | main       | c.b.c.client.utils.RequestHandler    - GET https://testnet.binance.vision/api/v3/klines?symbol=LTCUSDT&interval=1m&limit=2
2023-02-22 16:49:57.078[1677073797078] | INFO  | main       | c.b.c.client.utils.RequestHandler    - GET https://testnet.binance.vision/api/v3/klines?symbol=LTCUSDT&interval=1m&limit=2
2023-02-22 16:50:02.840[1677073802840] | INFO  | main       | c.b.c.client.utils.RequestHandler    - GET https://testnet.binance.vision/api/v3/klines?symbol=LTCUSDT&interval=1m&limit=2
2023-02-22 16:50:08.130[1677073808130] | INFO  | main       | c.b.c.client.utils.RequestHandler    - GET https://testnet.binance.vision/api/v3/klines?symbol=LTCUSDT&interval=1m&limit=2
2023-02-22 16:50:13.908[1677073813908] | INFO  | main       | c.b.c.client.utils.RequestHandler    - GET https://testnet.binance.vision/api/v3/klines?symbol=LTCUSDT&interval=1m&limit=2
2023-02-22 16:50:19.692[1677073819692] | INFO  | main       | c.b.c.client.utils.RequestHandler    - GET https://testnet.binance.vision/api/v3/klines?symbol=LTCUSDT&interval=1m&limit=2
2023-02-22 16:50:25.475[1677073825475] | INFO  | main       | c.b.c.client.utils.RequestHandler    - GET https://testnet.binance.vision/api/v3/klines?symbol=LTCUSDT&interval=1m&limit=2
2023-02-22 16:50:30.825[1677073830825] | INFO  | main       | c.b.c.client.utils.RequestHandler    - GET https://testnet.binance.vision/api/v3/klines?symbol=LTCUSDT&interval=1m&limit=2
2023-02-22 16:50:36.607[1677073836607] | INFO  | main       | c.b.c.client.utils.RequestHandler    - GET https://testnet.binance.vision/api/v3/klines?symbol=LTCUSDT&interval=1m&limit=2
2023-02-22 16:50:42.398[1677073842398] | INFO  | main       | c.b.c.client.utils.RequestHandler    - GET https://testnet.binance.vision/api/v3/klines?symbol=LTCUSDT&interval=1m&limit=2
2023-02-22 16:50:47.716[1677073847716] | INFO  | main       | c.b.c.client.utils.RequestHandler    - GET https://testnet.binance.vision/api/v3/klines?symbol=LTCUSDT&interval=1m&limit=2
2023-02-22 16:50:53.506[1677073853506] | INFO  | main       | c.b.c.client.utils.RequestHandler    - GET https://testnet.binance.vision/api/v3/klines?symbol=LTCUSDT&interval=1m&limit=2
2023-02-22 16:50:58.844[1677073858844] | INFO  | main       | c.b.c.client.utils.RequestHandler    - GET https://testnet.binance.vision/api/v3/klines?symbol=LTCUSDT&interval=1m&limit=2
2023-02-22 16:51:04.626[1677073864626] | INFO  | main       | c.b.c.client.utils.RequestHandler    - GET https://testnet.binance.vision/api/v3/klines?symbol=LTCUSDT&interval=1m&limit=2
2023-02-22 16:51:09.984[1677073869984] | INFO  | main       | c.b.c.client.utils.RequestHandler    - GET https://testnet.binance.vision/api/v3/klines?symbol=LTCUSDT&interval=1m&limit=2
2023-02-22 16:51:15.273[1677073875273] | INFO  | main       | c.b.c.client.utils.RequestHandler    - GET https://testnet.binance.vision/api/v3/klines?symbol=LTCUSDT&interval=1m&limit=2
2023-02-22 16:51:20.564[1677073880564] | INFO  | main       | c.b.c.client.utils.RequestHandler    - GET https://testnet.binance.vision/api/v3/klines?symbol=LTCUSDT&interval=1m&limit=2
2023-02-22 16:51:26.345[1677073886345] | INFO  | main       | c.b.c.client.utils.RequestHandler    - GET https://testnet.binance.vision/api/v3/klines?symbol=LTCUSDT&interval=1m&limit=2
2023-02-22 16:51:31.638[1677073891638] | INFO  | main       | c.b.c.client.utils.RequestHandler    - GET https://testnet.binance.vision/api/v3/klines?symbol=LTCUSDT&interval=1m&limit=2
2023-02-22 16:51:37.416[1677073897416] | INFO  | main       | c.b.c.client.utils.RequestHandler    - GET https://testnet.binance.vision/api/v3/klines?symbol=LTCUSDT&interval=1m&limit=2
2023-02-22 16:51:42.706[1677073902706] | INFO  | main       | c.b.c.client.utils.RequestHandler    - GET https://testnet.binance.vision/api/v3/klines?symbol=LTCUSDT&interval=1m&limit=2
2023-02-22 16:51:48.480[1677073908480] | INFO  | main       | c.b.c.client.utils.RequestHandler    - GET https://testnet.binance.vision/api/v3/klines?symbol=LTCUSDT&interval=1m&limit=2
2023-02-22 16:51:53.774[1677073913774] | INFO  | main       | c.b.c.client.utils.RequestHandler    - GET https://testnet.binance.vision/api/v3/klines?symbol=LTCUSDT&interval=1m&limit=2
2023-02-22 16:51:59.079[1677073919079] | INFO  | main       | c.b.c.client.utils.RequestHandler    - GET https://testnet.binance.vision/api/v3/klines?symbol=LTCUSDT&interval=1m&limit=2
2023-02-22 16:52:04.384[1677073924384] | INFO  | main       | c.b.c.client.utils.RequestHandler    - GET https://testnet.binance.vision/api/v3/klines?symbol=LTCUSDT&interval=1m&limit=2
2023-02-22 16:52:10.170[1677073930170] | INFO  | main       | c.b.c.client.utils.RequestHandler    - GET https://testnet.binance.vision/api/v3/klines?symbol=LTCUSDT&interval=1m&limit=2
2023-02-22 16:52:15.465[1677073935465] | INFO  | main       | c.b.c.client.utils.RequestHandler    - GET https://testnet.binance.vision/api/v3/klines?symbol=LTCUSDT&interval=1m&limit=2
2023-02-22 16:52:20.757[1677073940757] | INFO  | main       | c.b.c.client.utils.RequestHandler    - GET https://testnet.binance.vision/api/v3/klines?symbol=LTCUSDT&interval=1m&limit=2
2023-02-22 16:52:26.062[1677073946062] | INFO  | main       | c.b.c.client.utils.RequestHandler    - GET https://testnet.binance.vision/api/v3/klines?symbol=LTCUSDT&interval=1m&limit=2
2023-02-22 16:52:31.353[1677073951353] | INFO  | main       | c.b.c.client.utils.RequestHandler    - GET https://testnet.binance.vision/api/v3/klines?symbol=LTCUSDT&interval=1m&limit=2
2023-02-22 16:52:36.651[1677073956651] | INFO  | main       | c.b.c.client.utils.RequestHandler    - GET https://testnet.binance.vision/api/v3/klines?symbol=LTCUSDT&interval=1m&limit=2
2023-02-22 16:52:41.934[1677073961934] | INFO  | main       | c.b.c.client.utils.RequestHandler    - GET https://testnet.binance.vision/api/v3/klines?symbol=LTCUSDT&interval=1m&limit=2
2023-02-22 16:52:47.220[1677073967220] | INFO  | main       | c.b.c.client.utils.RequestHandler    - GET https://testnet.binance.vision/api/v3/klines?symbol=LTCUSDT&interval=1m&limit=2
2023-02-22 16:52:53.001[1677073973001] | INFO  | main       | c.b.c.client.utils.RequestHandler    - GET https://testnet.binance.vision/api/v3/klines?symbol=LTCUSDT&interval=1m&limit=2
2023-02-22 16:52:58.284[1677073978284] | INFO  | main       | c.b.c.client.utils.RequestHandler    - GET https://testnet.binance.vision/api/v3/klines?symbol=LTCUSDT&interval=1m&limit=2
2023-02-22 16:53:04.086[1677073984086] | INFO  | main       | c.b.c.client.utils.RequestHandler    - GET https://testnet.binance.vision/api/v3/klines?symbol=LTCUSDT&interval=1m&limit=2
2023-02-22 16:53:09.869[1677073989869] | INFO  | main       | c.b.c.client.utils.RequestHandler    - GET https://testnet.binance.vision/api/v3/klines?symbol=LTCUSDT&interval=1m&limit=2
2023-02-22 16:53:15.640[1677073995640] | INFO  | main       | c.b.c.client.utils.RequestHandler    - GET https://testnet.binance.vision/api/v3/klines?symbol=LTCUSDT&interval=1m&limit=2
2023-02-22 16:53:21.418[1677074001418] | INFO  | main       | c.b.c.client.utils.RequestHandler    - GET https://testnet.binance.vision/api/v3/klines?symbol=LTCUSDT&interval=1m&limit=2
2023-02-22 16:53:27.201[1677074007201] | INFO  | main       | c.b.c.client.utils.RequestHandler    - GET https://testnet.binance.vision/api/v3/klines?symbol=LTCUSDT&interval=1m&limit=2
2023-02-22 16:53:32.500[1677074012500] | INFO  | main       | c.b.c.client.utils.RequestHandler    - GET https://testnet.binance.vision/api/v3/klines?symbol=LTCUSDT&interval=1m&limit=2
2023-02-22 16:53:38.279[1677074018279] | INFO  | main       | c.b.c.client.utils.RequestHandler    - GET https://testnet.binance.vision/api/v3/klines?symbol=LTCUSDT&interval=1m&limit=2
2023-02-22 16:53:44.168[1677074024168] | INFO  | main       | c.b.c.client.utils.RequestHandler    - GET https://testnet.binance.vision/api/v3/klines?symbol=LTCUSDT&interval=1m&limit=2
2023-02-22 16:53:49.937[1677074029937] | INFO  | main       | c.b.c.client.utils.RequestHandler    - GET https://testnet.binance.vision/api/v3/klines?symbol=LTCUSDT&interval=1m&limit=2
2023-02-22 16:53:55.719[1677074035719] | INFO  | main       | c.b.c.client.utils.RequestHandler    - GET https://testnet.binance.vision/api/v3/klines?symbol=LTCUSDT&interval=1m&limit=2
2023-02-22 16:54:01.011[1677074041011] | INFO  | main       | c.b.c.client.utils.RequestHandler    - GET https://testnet.binance.vision/api/v3/klines?symbol=LTCUSDT&interval=1m&limit=2
2023-02-22 16:54:06.812[1677074046812] | INFO  | main       | c.b.c.client.utils.RequestHandler    - GET https://testnet.binance.vision/api/v3/klines?symbol=LTCUSDT&interval=1m&limit=2
2023-02-22 16:54:12.604[1677074052604] | INFO  | main       | c.b.c.client.utils.RequestHandler    - GET https://testnet.binance.vision/api/v3/klines?symbol=LTCUSDT&interval=1m&limit=2
2023-02-22 16:54:17.923[1677074057923] | INFO  | main       | c.b.c.client.utils.RequestHandler    - GET https://testnet.binance.vision/api/v3/klines?symbol=LTCUSDT&interval=1m&limit=2
2023-02-22 16:54:23.766[1677074063766] | INFO  | main       | c.b.c.client.utils.RequestHandler    - GET https://testnet.binance.vision/api/v3/klines?symbol=LTCUSDT&interval=1m&limit=2
2023-02-22 16:54:29.567[1677074069567] | INFO  | main       | c.b.c.client.utils.RequestHandler    - GET https://testnet.binance.vision/api/v3/klines?symbol=LTCUSDT&interval=1m&limit=2
2023-02-22 16:54:35.337[1677074075337] | INFO  | main       | c.b.c.client.utils.RequestHandler    - GET https://testnet.binance.vision/api/v3/klines?symbol=LTCUSDT&interval=1m&limit=2
2023-02-22 16:54:40.654[1677074080654] | INFO  | main       | c.b.c.client.utils.RequestHandler    - GET https://testnet.binance.vision/api/v3/klines?symbol=LTCUSDT&interval=1m&limit=2
2023-02-22 16:54:45.955[1677074085955] | INFO  | main       | c.b.c.client.utils.RequestHandler    - GET https://testnet.binance.vision/api/v3/klines?symbol=LTCUSDT&interval=1m&limit=2
2023-02-22 16:54:51.462[1677074091462] | INFO  | main       | c.b.c.client.utils.RequestHandler    - GET https://testnet.binance.vision/api/v3/klines?symbol=LTCUSDT&interval=1m&limit=2
2023-02-22 16:54:56.750[1677074096750] | INFO  | main       | c.b.c.client.utils.RequestHandler    - GET https://testnet.binance.vision/api/v3/klines?symbol=LTCUSDT&interval=1m&limit=2
2023-02-22 16:55:02.548[1677074102548] | INFO  | main       | c.b.c.client.utils.RequestHandler    - GET https://testnet.binance.vision/api/v3/klines?symbol=LTCUSDT&interval=1m&limit=2
2023-02-22 16:55:08.323[1677074108323] | INFO  | main       | c.b.c.client.utils.RequestHandler    - GET https://testnet.binance.vision/api/v3/klines?symbol=LTCUSDT&interval=1m&limit=2
2023-02-22 16:55:14.083[1677074114083] | INFO  | main       | c.b.c.client.utils.RequestHandler    - GET https://testnet.binance.vision/api/v3/klines?symbol=LTCUSDT&interval=1m&limit=2
2023-02-22 16:55:19.371[1677074119371] | INFO  | main       | c.b.c.client.utils.RequestHandler    - GET https://testnet.binance.vision/api/v3/klines?symbol=LTCUSDT&interval=1m&limit=2
2023-02-22 16:55:25.179[1677074125179] | INFO  | main       | c.b.c.client.utils.RequestHandler    - GET https://testnet.binance.vision/api/v3/klines?symbol=LTCUSDT&interval=1m&limit=2
2023-02-22 16:55:30.957[1677074130957] | INFO  | main       | c.b.c.client.utils.RequestHandler    - GET https://testnet.binance.vision/api/v3/klines?symbol=LTCUSDT&interval=1m&limit=2
2023-02-22 16:55:36.255[1677074136255] | INFO  | main       | c.b.c.client.utils.RequestHandler    - GET https://testnet.binance.vision/api/v3/klines?symbol=LTCUSDT&interval=1m&limit=2
2023-02-22 16:55:42.033[1677074142033] | INFO  | main       | c.b.c.client.utils.RequestHandler    - GET https://testnet.binance.vision/api/v3/klines?symbol=LTCUSDT&interval=1m&limit=2
2023-02-22 16:55:47.850[1677074147850] | INFO  | main       | c.b.c.client.utils.RequestHandler    - GET https://testnet.binance.vision/api/v3/klines?symbol=LTCUSDT&interval=1m&limit=2
2023-02-22 16:55:53.687[1677074153687] | INFO  | main       | c.b.c.client.utils.RequestHandler    - GET https://testnet.binance.vision/api/v3/klines?symbol=LTCUSDT&interval=1m&limit=2
2023-02-22 16:55:58.974[1677074158974] | INFO  | main       | c.b.c.client.utils.RequestHandler    - GET https://testnet.binance.vision/api/v3/klines?symbol=LTCUSDT&interval=1m&limit=2
2023-02-22 16:56:04.258[1677074164258] | INFO  | main       | c.b.c.client.utils.RequestHandler    - GET https://testnet.binance.vision/api/v3/klines?symbol=LTCUSDT&interval=1m&limit=2
2023-02-22 16:56:09.554[1677074169554] | INFO  | main       | c.b.c.client.utils.RequestHandler    - GET https://testnet.binance.vision/api/v3/klines?symbol=LTCUSDT&interval=1m&limit=2
2023-02-22 16:56:15.338[1677074175338] | INFO  | main       | c.b.c.client.utils.RequestHandler    - GET https://testnet.binance.vision/api/v3/klines?symbol=LTCUSDT&interval=1m&limit=2
2023-02-22 16:56:21.203[1677074181203] | INFO  | main       | c.b.c.client.utils.RequestHandler    - GET https://testnet.binance.vision/api/v3/klines?symbol=LTCUSDT&interval=1m&limit=2
2023-02-22 16:56:26.994[1677074186994] | INFO  | main       | c.b.c.client.utils.RequestHandler    - GET https://testnet.binance.vision/api/v3/klines?symbol=LTCUSDT&interval=1m&limit=2
2023-02-22 16:56:32.302[1677074192302] | INFO  | main       | c.b.c.client.utils.RequestHandler    - GET https://testnet.binance.vision/api/v3/klines?symbol=LTCUSDT&interval=1m&limit=2
2023-02-22 16:56:38.063[1677074198063] | INFO  | main       | c.b.c.client.utils.RequestHandler    - GET https://testnet.binance.vision/api/v3/klines?symbol=LTCUSDT&interval=1m&limit=2
2023-02-22 16:56:43.386[1677074203386] | INFO  | main       | c.b.c.client.utils.RequestHandler    - GET https://testnet.binance.vision/api/v3/klines?symbol=LTCUSDT&interval=1m&limit=2
2023-02-22 16:56:48.670[1677074208670] | INFO  | main       | c.b.c.client.utils.RequestHandler    - GET https://testnet.binance.vision/api/v3/klines?symbol=LTCUSDT&interval=1m&limit=2
2023-02-22 16:56:54.036[1677074214036] | INFO  | main       | c.b.c.client.utils.RequestHandler    - GET https://testnet.binance.vision/api/v3/klines?symbol=LTCUSDT&interval=1m&limit=2
2023-02-22 16:56:59.874[1677074219874] | INFO  | main       | c.b.c.client.utils.RequestHandler    - GET https://testnet.binance.vision/api/v3/klines?symbol=LTCUSDT&interval=1m&limit=2
2023-02-22 16:57:05.660[1677074225660] | INFO  | main       | c.b.c.client.utils.RequestHandler    - GET https://testnet.binance.vision/api/v3/klines?symbol=LTCUSDT&interval=1m&limit=2
2023-02-22 16:57:11.423[1677074231423] | INFO  | main       | c.b.c.client.utils.RequestHandler    - GET https://testnet.binance.vision/api/v3/klines?symbol=LTCUSDT&interval=1m&limit=2
2023-02-22 16:57:16.732[1677074236732] | INFO  | main       | c.b.c.client.utils.RequestHandler    - GET https://testnet.binance.vision/api/v3/klines?symbol=LTCUSDT&interval=1m&limit=2
2023-02-22 16:57:22.031[1677074242031] | INFO  | main       | c.b.c.client.utils.RequestHandler    - GET https://testnet.binance.vision/api/v3/klines?symbol=LTCUSDT&interval=1m&limit=2
2023-02-22 16:57:27.332[1677074247332] | INFO  | main       | c.b.c.client.utils.RequestHandler    - GET https://testnet.binance.vision/api/v3/klines?symbol=LTCUSDT&interval=1m&limit=2
2023-02-22 16:57:33.120[1677074253120] | INFO  | main       | c.b.c.client.utils.RequestHandler    - GET https://testnet.binance.vision/api/v3/klines?symbol=LTCUSDT&interval=1m&limit=2
2023-02-22 16:57:38.392[1677074258392] | INFO  | main       | c.b.c.client.utils.RequestHandler    - GET https://testnet.binance.vision/api/v3/klines?symbol=LTCUSDT&interval=1m&limit=2
2023-02-22 16:57:43.674[1677074263674] | INFO  | main       | c.b.c.client.utils.RequestHandler    - GET https://testnet.binance.vision/api/v3/klines?symbol=LTCUSDT&interval=1m&limit=2
2023-02-22 16:57:48.984[1677074268984] | INFO  | main       | c.b.c.client.utils.RequestHandler    - GET https://testnet.binance.vision/api/v3/klines?symbol=LTCUSDT&interval=1m&limit=2
2023-02-22 16:57:54.273[1677074274273] | INFO  | main       | c.b.c.client.utils.RequestHandler    - GET https://testnet.binance.vision/api/v3/klines?symbol=LTCUSDT&interval=1m&limit=2
2023-02-22 16:58:00.067[1677074280067] | INFO  | main       | c.b.c.client.utils.RequestHandler    - GET https://testnet.binance.vision/api/v3/klines?symbol=LTCUSDT&interval=1m&limit=2
2023-02-22 16:58:05.850[1677074285850] | INFO  | main       | c.b.c.client.utils.RequestHandler    - GET https://testnet.binance.vision/api/v3/klines?symbol=LTCUSDT&interval=1m&limit=2
2023-02-22 16:58:11.627[1677074291627] | INFO  | main       | c.b.c.client.utils.RequestHandler    - GET https://testnet.binance.vision/api/v3/klines?symbol=LTCUSDT&interval=1m&limit=2
2023-02-22 16:58:16.912[1677074296912] | INFO  | main       | c.b.c.client.utils.RequestHandler    - GET https://testnet.binance.vision/api/v3/klines?symbol=LTCUSDT&interval=1m&limit=2
2023-02-22 16:58:22.692[1677074302692] | INFO  | main       | c.b.c.client.utils.RequestHandler    - GET https://testnet.binance.vision/api/v3/klines?symbol=LTCUSDT&interval=1m&limit=2
2023-02-22 16:58:28.471[1677074308471] | INFO  | main       | c.b.c.client.utils.RequestHandler    - GET https://testnet.binance.vision/api/v3/klines?symbol=LTCUSDT&interval=1m&limit=2
2023-02-22 16:58:34.239[1677074314239] | INFO  | main       | c.b.c.client.utils.RequestHandler    - GET https://testnet.binance.vision/api/v3/klines?symbol=LTCUSDT&interval=1m&limit=2
2023-02-22 16:58:39.539[1677074319539] | INFO  | main       | c.b.c.client.utils.RequestHandler    - GET https://testnet.binance.vision/api/v3/klines?symbol=LTCUSDT&interval=1m&limit=2
2023-02-22 16:58:45.294[1677074325294] | INFO  | main       | c.b.c.client.utils.RequestHandler    - GET https://testnet.binance.vision/api/v3/klines?symbol=LTCUSDT&interval=1m&limit=2
2023-02-22 16:58:51.177[1677074331177] | INFO  | main       | c.b.c.client.utils.RequestHandler    - GET https://testnet.binance.vision/api/v3/klines?symbol=LTCUSDT&interval=1m&limit=2
2023-02-22 16:58:56.503[1677074336503] | INFO  | main       | c.b.c.client.utils.RequestHandler    - GET https://testnet.binance.vision/api/v3/klines?symbol=LTCUSDT&interval=1m&limit=2
2023-02-22 16:59:02.377[1677074342377] | INFO  | main       | c.b.c.client.utils.RequestHandler    - GET https://testnet.binance.vision/api/v3/klines?symbol=LTCUSDT&interval=1m&limit=2
2023-02-22 16:59:08.243[1677074348243] | INFO  | main       | c.b.c.client.utils.RequestHandler    - GET https://testnet.binance.vision/api/v3/klines?symbol=LTCUSDT&interval=1m&limit=2
2023-02-22 16:59:14.040[1677074354040] | INFO  | main       | c.b.c.client.utils.RequestHandler    - GET https://testnet.binance.vision/api/v3/klines?symbol=LTCUSDT&interval=1m&limit=2
2023-02-22 16:59:19.357[1677074359357] | INFO  | main       | c.b.c.client.utils.RequestHandler    - GET https://testnet.binance.vision/api/v3/klines?symbol=LTCUSDT&interval=1m&limit=2
2023-02-22 16:59:24.654[1677074364654] | INFO  | main       | c.b.c.client.utils.RequestHandler    - GET https://testnet.binance.vision/api/v3/klines?symbol=LTCUSDT&interval=1m&limit=2
2023-02-22 16:59:30.440[1677074370440] | INFO  | main       | c.b.c.client.utils.RequestHandler    - GET https://testnet.binance.vision/api/v3/klines?symbol=LTCUSDT&interval=1m&limit=2
2023-02-22 16:59:36.215[1677074376215] | INFO  | main       | c.b.c.client.utils.RequestHandler    - GET https://testnet.binance.vision/api/v3/klines?symbol=LTCUSDT&interval=1m&limit=2
2023-02-22 16:59:41.509[1677074381509] | INFO  | main       | c.b.c.client.utils.RequestHandler    - GET https://testnet.binance.vision/api/v3/klines?symbol=LTCUSDT&interval=1m&limit=2
2023-02-22 16:59:47.285[1677074387285] | INFO  | main       | c.b.c.client.utils.RequestHandler    - GET https://testnet.binance.vision/api/v3/klines?symbol=LTCUSDT&interval=1m&limit=2
2023-02-22 16:59:53.080[1677074393080] | INFO  | main       | c.b.c.client.utils.RequestHandler    - GET https://testnet.binance.vision/api/v3/klines?symbol=LTCUSDT&interval=1m&limit=2
2023-02-22 16:59:58.355[1677074398355] | INFO  | main       | c.b.c.client.utils.RequestHandler    - GET https://testnet.binance.vision/api/v3/klines?symbol=LTCUSDT&interval=1m&limit=2
2023-02-22 17:00:03.721[1677074403721] | INFO  | main       | c.b.c.client.utils.RequestHandler    - GET https://testnet.binance.vision/api/v3/klines?symbol=LTCUSDT&interval=1m&limit=2
